\BOOKMARK [0][-]{chapter.1}{\376\377\000A\000b\000o\000u\000t\000\040\000t\000h\000e\000\040\000I\000n\000s\000t\000r\000u\000c\000t\000o\000r}{}% 1
\BOOKMARK [0][-]{chapter.2}{\376\377\000M\000o\000d\000u\000l\000e\000\040\000C\000o\000n\000t\000e\000n\000t}{}% 2
\BOOKMARK [0][-]{chapter.3}{\376\377\000M\000o\000d\000u\000l\000e\000\040\0000\000\040\000-\000\040\000G\000e\000t\000t\000i\000n\000g\000\040\000S\000t\000a\000r\000t\000e\000d}{}% 3
\BOOKMARK [1][-]{section.3.1}{\376\377\000O\000v\000e\000r\000v\000i\000e\000w}{chapter.3}% 4
\BOOKMARK [1][-]{section.3.2}{\376\377\000O\000b\000j\000e\000c\000t\000i\000v\000e\000s}{chapter.3}% 5
\BOOKMARK [1][-]{section.3.3}{\376\377\000A\000c\000t\000i\000v\000i\000t\000i\000e\000s}{chapter.3}% 6
\BOOKMARK [1][-]{section.3.4}{\376\377\000P\000a\000r\000t\000i\000c\000i\000p\000a\000t\000i\000o\000n\000\040\000V\000i\000d\000e\000o\000s}{chapter.3}% 7
\BOOKMARK [0][-]{chapter.4}{\376\377\000M\000o\000d\000u\000l\000e\000\040\0001\000\040\000-\000\040\000D\000y\000n\000a\000m\000i\000c\000\040\000e\000q\000u\000a\000t\000i\000o\000n\000s\000\040\000a\000n\000d\000\040\000d\000e\000f\000i\000n\000i\000t\000i\000o\000n\000s}{}% 8
\BOOKMARK [1][-]{section.4.1}{\376\377\000O\000u\000t\000l\000i\000n\000e}{chapter.4}% 9
\BOOKMARK [0][-]{chapter.5}{\376\377\000M\000o\000d\000u\000l\000e\000\040\0002\000\040\000-\000\040\000c\000o\000n\000s\000t\000r\000a\000i\000n\000e\000d\000\040\000d\000y\000n\000a\000m\000i\000c\000\040\000m\000o\000t\000i\000o\000n}{}% 10
\BOOKMARK [0][-]{chapter.6}{\376\377\000M\000o\000d\000u\000l\000e\000\040\0003\000\040\000-\000\040\000C\000o\000n\000s\000t\000r\000a\000i\000n\000e\000d\000\040\000e\000n\000g\000i\000n\000e\000e\000r\000i\000n\000g\000\040\000s\000y\000s\000t\000e\000m\000s}{}% 11
\BOOKMARK [1][-]{section.6.1}{\376\377\000N\000u\000m\000e\000r\000i\000c\000a\000l\000\040\000S\000o\000l\000u\000t\000i\000o\000n\000\040\000o\000f\000\040\000Y\000o\000y\000o\000\040\000d\000e\000s\000p\000i\000n\000n\000i\000n\000g}{chapter.6}% 12
\BOOKMARK [1][-]{section.6.2}{\376\377\000D\000e\000f\000i\000n\000e\000\040\000t\000h\000e\000\040\000s\000t\000a\000t\000e\000\040\000a\000n\000d\000\040\000d\000/\000d\000t\000\050\000s\000t\000a\000t\000e\000\051}{chapter.6}% 13
\BOOKMARK [1][-]{section.6.3}{\376\377\000T\000o\000\040\000s\000a\000v\000e\000\040\000t\000o\000\040\000f\000i\000l\000e\000\040\000f\000r\000o\000m\000\040\000p\000y\000t\000h\000o\000n\000\040\000o\000u\000t\000p\000u\000t}{chapter.6}% 14
\BOOKMARK [0][-]{chapter.7}{\376\377\000M\000o\000d\000u\000l\000e\000\040\0004\000\040\000-\000\040\000M\000o\000m\000e\000n\000t\000u\000m\000\040\000a\000n\000d\000\040\000E\000n\000e\000r\000g\000y}{}% 15
\BOOKMARK [1][-]{section.7.1}{\376\377\000N\000u\000m\000e\000r\000i\000c\000a\000l\000\040\000S\000o\000l\000u\000t\000i\000o\000n\000\040\000o\000f\000\040\000Y\000o\000y\000o\000\040\000d\000e\000s\000p\000i\000n\000n\000i\000n\000g}{chapter.7}% 16
\BOOKMARK [1][-]{section.7.2}{\376\377\000D\000e\000f\000i\000n\000e\000\040\000t\000h\000e\000\040\000s\000t\000a\000t\000e\000\040\000a\000n\000d\000\040\000d\000/\000d\000t\000\050\000s\000t\000a\000t\000e\000\051}{chapter.7}% 17
\BOOKMARK [1][-]{section.7.3}{\376\377\000T\000o\000\040\000s\000a\000v\000e\000\040\000t\000o\000\040\000f\000i\000l\000e\000\040\000f\000r\000o\000m\000\040\000p\000y\000t\000h\000o\000n\000\040\000o\000u\000t\000p\000u\000t}{chapter.7}% 18
\BOOKMARK [1][-]{section.7.4}{\376\377\000Y\000o\000y\000o\000\040\000d\000e\000s\000p\000i\000n\000\040\000r\000e\000v\000i\000s\000i\000t\000e\000d\000\040\000\050\000c\000o\000r\000d\000\040\000c\000o\000n\000s\000t\000r\000a\000i\000n\000t\000\051}{chapter.7}% 19
\BOOKMARK [1][-]{section.7.5}{\376\377\000E\000n\000g\000i\000n\000e\000e\000r\000i\000n\000g\000\040\000s\000y\000s\000t\000e\000m\000\040\000-\000\040\000k\000i\000n\000e\000m\000a\000t\000i\000c\000s}{chapter.7}% 20
\BOOKMARK [1][-]{section.7.6}{\376\377\000E\000n\000g\000i\000n\000e\000e\000r\000i\000n\000g\000\040\000s\000y\000s\000t\000e\000m\000\040\000-\000\040\000k\000i\000n\000e\000t\000i\000c\000s\000\040\000\050\000c\000o\000n\000s\000e\000r\000v\000a\000t\000i\000o\000n\000\040\000o\000f\000\040\000a\000n\000g\000u\000l\000a\000r\000\040\000m\000o\000m\000e\000n\000t\000u\000m\000\051}{chapter.7}% 21
\BOOKMARK [1][-]{section.7.7}{\376\377\000E\000n\000g\000i\000n\000e\000e\000r\000i\000n\000g\000\040\000s\000y\000s\000t\000e\000m\000\040\000-\000\040\000k\000i\000n\000e\000t\000i\000c\000s\000\040\000\050\000w\000o\000r\000k\000-\000e\000n\000e\000r\000g\000y\000\040\000f\000o\000r\000m\000u\000l\000a\000t\000i\000o\000n\000\051}{chapter.7}% 22
\BOOKMARK [1][-]{section.7.8}{\376\377\000C\000o\000m\000b\000i\000n\000i\000n\000g\000\040\000e\000q\000u\000a\000t\000i\000o\000n\000s\000\040\000a\000n\000d\000\040\000s\000o\000l\000v\000i\000n\000g}{chapter.7}% 23
\BOOKMARK [0][-]{chapter.8}{\376\377\000M\000o\000d\000u\000l\000e\000\040\0005\000\040\000-\000\040\000d\000y\000n\000a\000m\000i\000c\000s\000\040\000i\000n\000\040\000t\000h\000r\000e\000e\000\040\000d\000i\000m\000e\000n\000s\000i\000o\000n\000s}{}% 24
