Traceback (most recent call last):
  File "/opt/hostedtoolcache/Python/3.9.23/x64/lib/python3.9/site-packages/jupyter_core/utils/__init__.py", line 154, in wrapped
    asyncio.get_running_loop()
RuntimeError: no running event loop

During handling of the above exception, another exception occurred:

Traceback (most recent call last):
  File "/opt/hostedtoolcache/Python/3.9.23/x64/lib/python3.9/site-packages/jupyter_cache/executors/utils.py", line 58, in single_nb_execution
    executenb(
  File "/opt/hostedtoolcache/Python/3.9.23/x64/lib/python3.9/site-packages/nbclient/client.py", line 1319, in execute
    return NotebookClient(nb=nb, resources=resources, km=km, **kwargs).execute()
  File "/opt/hostedtoolcache/Python/3.9.23/x64/lib/python3.9/site-packages/jupyter_core/utils/__init__.py", line 158, in wrapped
    return loop.run_until_complete(inner)
  File "/opt/hostedtoolcache/Python/3.9.23/x64/lib/python3.9/asyncio/base_events.py", line 647, in run_until_complete
    return future.result()
  File "/opt/hostedtoolcache/Python/3.9.23/x64/lib/python3.9/site-packages/nbclient/client.py", line 709, in async_execute
    await self.async_execute_cell(
  File "/opt/hostedtoolcache/Python/3.9.23/x64/lib/python3.9/site-packages/nbclient/client.py", line 1062, in async_execute_cell
    await self._check_raise_for_error(cell, cell_index, exec_reply)
  File "/opt/hostedtoolcache/Python/3.9.23/x64/lib/python3.9/site-packages/nbclient/client.py", line 918, in _check_raise_for_error
    raise CellExecutionError.from_cell_and_msg(cell, exec_reply_content)
nbclient.exceptions.CellExecutionError: An error occurred while executing the following cell:
------------------
from matplotlib import animation
from IPython.display import HTML
fig, ax = plt.subplots(1,1);
ax.plot(x, x*0, '-', linewidth = 10, label = 'bridge')
Q = ax.quiver([0, 10], 
           [0, 0], 
           [0, 0],
           [Py(x[1]), Ry(x[1])], 
          scale = 3500, label = 'reaction forces')
mark, = ax.plot(x[1], 0.01, 'v', markersize = 30, label = 'walker position')

ax.legend(loc = 'lower center')
ax.set_xlim(-0.5, 10.5)
ax.set_ylim(-0.1, 0.1)

def animate(i):
    """updates the horizontal and vertical vector components by a
    fixed increment on each frame
    """
    Q.set_UVC(np.array([0,  0]), 
              np.array([Py(x[i]), Ry(x[i])]))

    mark.set_data(x[i], 0.05)

    return Q, mark

# you need to set blit=False, or the first set of arrows never gets
# cleared on subsequent frames
anim = animation.FuncAnimation(fig, animate,
                               frames = range(len(t)-1), blit=False)
HTML(anim.to_html5_video())
------------------

----- stdout -----
Error in callback <function _draw_all_if_interactive at 0x7fc9e841dc10> (for post_execute), with arguments args (),kwargs {}:
------------------

[0;31m---------------------------------------------------------------------------[0m
[0;31mRuntimeError[0m                              Traceback (most recent call last)
File [0;32m/opt/hostedtoolcache/Python/3.9.23/x64/lib/python3.9/site-packages/matplotlib/pyplot.py:268[0m, in [0;36m_draw_all_if_interactive[0;34m()[0m
[1;32m    266[0m [38;5;28;01mdef[39;00m[38;5;250m [39m[38;5;21m_draw_all_if_interactive[39m() [38;5;241m-[39m[38;5;241m>[39m [38;5;28;01mNone[39;00m:
[1;32m    267[0m     [38;5;28;01mif[39;00m matplotlib[38;5;241m.[39mis_interactive():
[0;32m--> 268[0m         [43mdraw_all[49m[43m([49m[43m)[49m

File [0;32m/opt/hostedtoolcache/Python/3.9.23/x64/lib/python3.9/site-packages/matplotlib/_pylab_helpers.py:131[0m, in [0;36mGcf.draw_all[0;34m(cls, force)[0m
[1;32m    129[0m [38;5;28;01mfor[39;00m manager [38;5;129;01min[39;00m [38;5;28mcls[39m[38;5;241m.[39mget_all_fig_managers():
[1;32m    130[0m     [38;5;28;01mif[39;00m force [38;5;129;01mor[39;00m manager[38;5;241m.[39mcanvas[38;5;241m.[39mfigure[38;5;241m.[39mstale:
[0;32m--> 131[0m         [43mmanager[49m[38;5;241;43m.[39;49m[43mcanvas[49m[38;5;241;43m.[39;49m[43mdraw_idle[49m[43m([49m[43m)[49m

File [0;32m/opt/hostedtoolcache/Python/3.9.23/x64/lib/python3.9/site-packages/matplotlib/backend_bases.py:1905[0m, in [0;36mFigureCanvasBase.draw_idle[0;34m(self, *args, **kwargs)[0m
[1;32m   1903[0m [38;5;28;01mif[39;00m [38;5;129;01mnot[39;00m [38;5;28mself[39m[38;5;241m.[39m_is_idle_drawing:
[1;32m   1904[0m     [38;5;28;01mwith[39;00m [38;5;28mself[39m[38;5;241m.[39m_idle_draw_cntx():
[0;32m-> 1905[0m         [38;5;28;43mself[39;49m[38;5;241;43m.[39;49m[43mdraw[49m[43m([49m[38;5;241;43m*[39;49m[43margs[49m[43m,[49m[43m [49m[38;5;241;43m*[39;49m[38;5;241;43m*[39;49m[43mkwargs[49m[43m)[49m

File [0;32m/opt/hostedtoolcache/Python/3.9.23/x64/lib/python3.9/site-packages/matplotlib/backends/backend_agg.py:387[0m, in [0;36mFigureCanvasAgg.draw[0;34m(self)[0m
[1;32m    384[0m [38;5;66;03m# Acquire a lock on the shared font cache.[39;00m
[1;32m    385[0m [38;5;28;01mwith[39;00m ([38;5;28mself[39m[38;5;241m.[39mtoolbar[38;5;241m.[39m_wait_cursor_for_draw_cm() [38;5;28;01mif[39;00m [38;5;28mself[39m[38;5;241m.[39mtoolbar
[1;32m    386[0m       [38;5;28;01melse[39;00m nullcontext()):
[0;32m--> 387[0m     [38;5;28;43mself[39;49m[38;5;241;43m.[39;49m[43mfigure[49m[38;5;241;43m.[39;49m[43mdraw[49m[43m([49m[38;5;28;43mself[39;49m[38;5;241;43m.[39;49m[43mrenderer[49m[43m)[49m
[1;32m    388[0m     [38;5;66;03m# A GUI class may be need to update a window using this draw, so[39;00m
[1;32m    389[0m     [38;5;66;03m# don't forget to call the superclass.[39;00m
[1;32m    390[0m     [38;5;28msuper[39m()[38;5;241m.[39mdraw()

File [0;32m/opt/hostedtoolcache/Python/3.9.23/x64/lib/python3.9/site-packages/matplotlib/artist.py:95[0m, in [0;36m_finalize_rasterization.<locals>.draw_wrapper[0;34m(artist, renderer, *args, **kwargs)[0m
[1;32m     93[0m [38;5;129m@wraps[39m(draw)
[1;32m     94[0m [38;5;28;01mdef[39;00m[38;5;250m [39m[38;5;21mdraw_wrapper[39m(artist, renderer, [38;5;241m*[39margs, [38;5;241m*[39m[38;5;241m*[39mkwargs):
[0;32m---> 95[0m     result [38;5;241m=[39m [43mdraw[49m[43m([49m[43martist[49m[43m,[49m[43m [49m[43mrenderer[49m[43m,[49m[43m [49m[38;5;241;43m*[39;49m[43margs[49m[43m,[49m[43m [49m[38;5;241;43m*[39;49m[38;5;241;43m*[39;49m[43mkwargs[49m[43m)[49m
[1;32m     96[0m     [38;5;28;01mif[39;00m renderer[38;5;241m.[39m_rasterizing:
[1;32m     97[0m         renderer[38;5;241m.[39mstop_rasterizing()

File [0;32m/opt/hostedtoolcache/Python/3.9.23/x64/lib/python3.9/site-packages/matplotlib/artist.py:72[0m, in [0;36mallow_rasterization.<locals>.draw_wrapper[0;34m(artist, renderer)[0m
[1;32m     69[0m     [38;5;28;01mif[39;00m artist[38;5;241m.[39mget_agg_filter() [38;5;129;01mis[39;00m [38;5;129;01mnot[39;00m [38;5;28;01mNone[39;00m:
[1;32m     70[0m         renderer[38;5;241m.[39mstart_filter()
[0;32m---> 72[0m     [38;5;28;01mreturn[39;00m [43mdraw[49m[43m([49m[43martist[49m[43m,[49m[43m [49m[43mrenderer[49m[43m)[49m
[1;32m     73[0m [38;5;28;01mfinally[39;00m:
[1;32m     74[0m     [38;5;28;01mif[39;00m artist[38;5;241m.[39mget_agg_filter() [38;5;129;01mis[39;00m [38;5;129;01mnot[39;00m [38;5;28;01mNone[39;00m:

File [0;32m/opt/hostedtoolcache/Python/3.9.23/x64/lib/python3.9/site-packages/matplotlib/figure.py:3169[0m, in [0;36mFigure.draw[0;34m(self, renderer)[0m
[1;32m   3166[0m [38;5;28;01mfinally[39;00m:
[1;32m   3167[0m     [38;5;28mself[39m[38;5;241m.[39mstale [38;5;241m=[39m [38;5;28;01mFalse[39;00m
[0;32m-> 3169[0m [43mDrawEvent[49m[43m([49m[38;5;124;43m"[39;49m[38;5;124;43mdraw_event[39;49m[38;5;124;43m"[39;49m[43m,[49m[43m [49m[38;5;28;43mself[39;49m[38;5;241;43m.[39;49m[43mcanvas[49m[43m,[49m[43m [49m[43mrenderer[49m[43m)[49m[38;5;241;43m.[39;49m[43m_process[49m[43m([49m[43m)[49m

File [0;32m/opt/hostedtoolcache/Python/3.9.23/x64/lib/python3.9/site-packages/matplotlib/backend_bases.py:1217[0m, in [0;36mEvent._process[0;34m(self)[0m
[1;32m   1215[0m [38;5;28;01mdef[39;00m[38;5;250m [39m[38;5;21m_process[39m([38;5;28mself[39m):
[1;32m   1216[0m [38;5;250m    [39m[38;5;124;03m"""Process this event on ``self.canvas``, then unset ``guiEvent``."""[39;00m
[0;32m-> 1217[0m     [38;5;28;43mself[39;49m[38;5;241;43m.[39;49m[43mcanvas[49m[38;5;241;43m.[39;49m[43mcallbacks[49m[38;5;241;43m.[39;49m[43mprocess[49m[43m([49m[38;5;28;43mself[39;49m[38;5;241;43m.[39;49m[43mname[49m[43m,[49m[43m [49m[38;5;28;43mself[39;49m[43m)[49m
[1;32m   1218[0m     [38;5;28mself[39m[38;5;241m.[39m_guiEvent_deleted [38;5;241m=[39m [38;5;28;01mTrue[39;00m

File [0;32m/opt/hostedtoolcache/Python/3.9.23/x64/lib/python3.9/site-packages/matplotlib/cbook.py:303[0m, in [0;36mCallbackRegistry.process[0;34m(self, s, *args, **kwargs)[0m
[1;32m    301[0m [38;5;28;01mexcept[39;00m [38;5;167;01mException[39;00m [38;5;28;01mas[39;00m exc:
[1;32m    302[0m     [38;5;28;01mif[39;00m [38;5;28mself[39m[38;5;241m.[39mexception_handler [38;5;129;01mis[39;00m [38;5;129;01mnot[39;00m [38;5;28;01mNone[39;00m:
[0;32m--> 303[0m         [38;5;28;43mself[39;49m[38;5;241;43m.[39;49m[43mexception_handler[49m[43m([49m[43mexc[49m[43m)[49m
[1;32m    304[0m     [38;5;28;01melse[39;00m:
[1;32m    305[0m         [38;5;28;01mraise[39;00m

File [0;32m/opt/hostedtoolcache/Python/3.9.23/x64/lib/python3.9/site-packages/matplotlib/cbook.py:87[0m, in [0;36m_exception_printer[0;34m(exc)[0m
[1;32m     85[0m [38;5;28;01mdef[39;00m[38;5;250m [39m[38;5;21m_exception_printer[39m(exc):
[1;32m     86[0m     [38;5;28;01mif[39;00m _get_running_interactive_framework() [38;5;129;01min[39;00m [[38;5;124m"[39m[38;5;124mheadless[39m[38;5;124m"[39m, [38;5;28;01mNone[39;00m]:
[0;32m---> 87[0m         [38;5;28;01mraise[39;00m exc
[1;32m     88[0m     [38;5;28;01melse[39;00m:
[1;32m     89[0m         traceback[38;5;241m.[39mprint_exc()

File [0;32m/opt/hostedtoolcache/Python/3.9.23/x64/lib/python3.9/site-packages/matplotlib/cbook.py:298[0m, in [0;36mCallbackRegistry.process[0;34m(self, s, *args, **kwargs)[0m
[1;32m    296[0m [38;5;28;01mif[39;00m func [38;5;129;01mis[39;00m [38;5;129;01mnot[39;00m [38;5;28;01mNone[39;00m:
[1;32m    297[0m     [38;5;28;01mtry[39;00m:
[0;32m--> 298[0m         [43mfunc[49m[43m([49m[38;5;241;43m*[39;49m[43margs[49m[43m,[49m[43m [49m[38;5;241;43m*[39;49m[38;5;241;43m*[39;49m[43mkwargs[49m[43m)[49m
[1;32m    299[0m     [38;5;66;03m# this does not capture KeyboardInterrupt, SystemExit,[39;00m
[1;32m    300[0m     [38;5;66;03m# and GeneratorExit[39;00m
[1;32m    301[0m     [38;5;28;01mexcept[39;00m [38;5;167;01mException[39;00m [38;5;28;01mas[39;00m exc:

File [0;32m/opt/hostedtoolcache/Python/3.9.23/x64/lib/python3.9/site-packages/matplotlib/animation.py:892[0m, in [0;36mAnimation._start[0;34m(self, *args)[0m
[1;32m    889[0m [38;5;28mself[39m[38;5;241m.[39m_fig[38;5;241m.[39mcanvas[38;5;241m.[39mmpl_disconnect([38;5;28mself[39m[38;5;241m.[39m_first_draw_id)
[1;32m    891[0m [38;5;66;03m# Now do any initial draw[39;00m
[0;32m--> 892[0m [38;5;28;43mself[39;49m[38;5;241;43m.[39;49m[43m_init_draw[49m[43m([49m[43m)[49m
[1;32m    894[0m [38;5;66;03m# Add our callback for stepping the animation and[39;00m
[1;32m    895[0m [38;5;66;03m# actually start the event_source.[39;00m
[1;32m    896[0m [38;5;28mself[39m[38;5;241m.[39mevent_source[38;5;241m.[39madd_callback([38;5;28mself[39m[38;5;241m.[39m_step)

File [0;32m/opt/hostedtoolcache/Python/3.9.23/x64/lib/python3.9/site-packages/matplotlib/animation.py:1733[0m, in [0;36mFuncAnimation._init_draw[0;34m(self)[0m
[1;32m   1725[0m         warnings[38;5;241m.[39mwarn(
[1;32m   1726[0m             [38;5;124m"[39m[38;5;124mCan not start iterating the frames for the initial draw. [39m[38;5;124m"[39m
[1;32m   1727[0m             [38;5;124m"[39m[38;5;124mThis can be caused by passing in a 0 length sequence [39m[38;5;124m"[39m
[0;32m   (...)[0m
[1;32m   1730[0m             [38;5;124m"[39m[38;5;124mit may be exhausted due to a previous display or save.[39m[38;5;124m"[39m
[1;32m   1731[0m         )
[1;32m   1732[0m         [38;5;28;01mreturn[39;00m
[0;32m-> 1733[0m     [38;5;28;43mself[39;49m[38;5;241;43m.[39;49m[43m_draw_frame[49m[43m([49m[43mframe_data[49m[43m)[49m
[1;32m   1734[0m [38;5;28;01melse[39;00m:
[1;32m   1735[0m     [38;5;28mself[39m[38;5;241m.[39m_drawn_artists [38;5;241m=[39m [38;5;28mself[39m[38;5;241m.[39m_init_func()

File [0;32m/opt/hostedtoolcache/Python/3.9.23/x64/lib/python3.9/site-packages/matplotlib/animation.py:1752[0m, in [0;36mFuncAnimation._draw_frame[0;34m(self, framedata)[0m
[1;32m   1748[0m     [38;5;28mself[39m[38;5;241m.[39m_save_seq [38;5;241m=[39m [38;5;28mself[39m[38;5;241m.[39m_save_seq[[38;5;241m-[39m[38;5;28mself[39m[38;5;241m.[39m_save_count:]
[1;32m   1750[0m [38;5;66;03m# Call the func with framedata and args. If blitting is desired,[39;00m
[1;32m   1751[0m [38;5;66;03m# func needs to return a sequence of any artists that were modified.[39;00m
[0;32m-> 1752[0m [38;5;28mself[39m[38;5;241m.[39m_drawn_artists [38;5;241m=[39m [38;5;28;43mself[39;49m[38;5;241;43m.[39;49m[43m_func[49m[43m([49m[43mframedata[49m[43m,[49m[43m [49m[38;5;241;43m*[39;49m[38;5;28;43mself[39;49m[38;5;241;43m.[39;49m[43m_args[49m[43m)[49m
[1;32m   1754[0m [38;5;28;01mif[39;00m [38;5;28mself[39m[38;5;241m.[39m_blit:
[1;32m   1756[0m     err [38;5;241m=[39m [38;5;167;01mRuntimeError[39;00m([38;5;124m'[39m[38;5;124mThe animation function must return a sequence [39m[38;5;124m'[39m
[1;32m   1757[0m                        [38;5;124m'[39m[38;5;124mof Artist objects.[39m[38;5;124m'[39m)

Cell [0;32mIn[5], line 23[0m, in [0;36manimate[0;34m(i)[0m
[1;32m     17[0m [38;5;250m[39m[38;5;124;03m"""updates the horizontal and vertical vector components by a[39;00m
[1;32m     18[0m [38;5;124;03mfixed increment on each frame[39;00m
[1;32m     19[0m [38;5;124;03m"""[39;00m
[1;32m     20[0m Q[38;5;241m.[39mset_UVC(np[38;5;241m.[39marray([[38;5;241m0[39m,  [38;5;241m0[39m]), 
[1;32m     21[0m           np[38;5;241m.[39marray([Py(x[i]), Ry(x[i])]))
[0;32m---> 23[0m [43mmark[49m[38;5;241;43m.[39;49m[43mset_data[49m[43m([49m[43mx[49m[43m[[49m[43mi[49m[43m][49m[43m,[49m[43m [49m[38;5;241;43m0.05[39;49m[43m)[49m
[1;32m     25[0m [38;5;28;01mreturn[39;00m Q, mark

File [0;32m/opt/hostedtoolcache/Python/3.9.23/x64/lib/python3.9/site-packages/matplotlib/lines.py:665[0m, in [0;36mLine2D.set_data[0;34m(self, *args)[0m
[1;32m    662[0m [38;5;28;01melse[39;00m:
[1;32m    663[0m     x, y [38;5;241m=[39m args
[0;32m--> 665[0m [38;5;28;43mself[39;49m[38;5;241;43m.[39;49m[43mset_xdata[49m[43m([49m[43mx[49m[43m)[49m
[1;32m    666[0m [38;5;28mself[39m[38;5;241m.[39mset_ydata(y)

File [0;32m/opt/hostedtoolcache/Python/3.9.23/x64/lib/python3.9/site-packages/matplotlib/lines.py:1289[0m, in [0;36mLine2D.set_xdata[0;34m(self, x)[0m
[1;32m   1276[0m [38;5;250m[39m[38;5;124;03m"""[39;00m
[1;32m   1277[0m [38;5;124;03mSet the data array for x.[39;00m
[1;32m   1278[0m 
[0;32m   (...)[0m
[1;32m   1286[0m [38;5;124;03mset_ydata[39;00m
[1;32m   1287[0m [38;5;124;03m"""[39;00m
[1;32m   1288[0m [38;5;28;01mif[39;00m [38;5;129;01mnot[39;00m np[38;5;241m.[39miterable(x):
[0;32m-> 1289[0m     [38;5;28;01mraise[39;00m [38;5;167;01mRuntimeError[39;00m([38;5;124m'[39m[38;5;124mx must be a sequence[39m[38;5;124m'[39m)
[1;32m   1290[0m [38;5;28mself[39m[38;5;241m.[39m_xorig [38;5;241m=[39m copy[38;5;241m.[39mcopy(x)
[1;32m   1291[0m [38;5;28mself[39m[38;5;241m.[39m_invalidx [38;5;241m=[39m [38;5;28;01mTrue[39;00m

[0;31mRuntimeError[0m: x must be a sequence

